<?xml version="1.0" encoding="UTF-8" ?>
<testsuite errors="9" failures="0" hostname="HKus-X-5430" name="PageObject.NDM_TestSuite" skipped="0" tests="10" time="218.814" timestamp="2017-10-03T02:04:14">
  <properties>
[...]
</properties>
  <testcase classname="PageObject.NDM_TestCase947Discovery" name="testPage" time="63.942" />
  <testcase classname="PageObject.NDM_TestCase3384FirmwareUpgrade" name="testPage" time="152.632">
    <error type="java.lang.NullPointerException">java.lang.NullPointerException
	at org.openqa.selenium.remote.RemoteWebDriver.findElements(RemoteWebDriver.java:341)
	at org.openqa.selenium.remote.RemoteWebDriver.findElementsByXPath(RemoteWebDriver.java:408)
	at org.openqa.selenium.By$ByXPath.findElements(By.java:358)
	at org.openqa.selenium.remote.RemoteWebDriver.findElements(RemoteWebDriver.java:295)
	at Pages.NDM_HomePage.FirmwareUpgrade(NDM_HomePage.java:366)
	at PageObject.NDM_TestCase3384FirmwareUpgrade.testPage(NDM_TestCase3384FirmwareUpgrade.java:79)
</error>
  </testcase>
  <testcase classname="PageObject.NDM_TestCase2617DeviceRestart" name="testPage" time="0.321">
    <error message="no such window: target window already closed&#xa;from unknown error: web view not found&#xa;  (Session info: chrome=61.0.3163.100)&#xa;  (Driver info: chromedriver=2.29.461591 (62ebf098771772160f391d75e589dc567915b233),platform=Windows NT 10.0.10240 x86_64) (WARNING: The server did not provide any stacktrace information)&#xa;Command duration or timeout: 2 milliseconds&#xa;Build info: version: &apos;2.39.0&apos;, revision: &apos;ff23eac&apos;, time: &apos;2013-12-16 16:12:12&apos;&#xa;System info: host: &apos;HKus-X-5430&apos;, ip: &apos;10.10.18.139&apos;, os.name: &apos;Windows 10&apos;, os.arch: &apos;amd64&apos;, os.version: &apos;10.0&apos;, java.version: &apos;1.8.0_101&apos;&#xa;Driver info: org.openqa.selenium.chrome.ChromeDriver&#xa;Capabilities [{applicationCacheEnabled=false, rotatable=false, mobileEmulationEnabled=false, networkConnectionEnabled=false, chrome={chromedriverVersion=2.29.461591 (62ebf098771772160f391d75e589dc567915b233), userDataDir=C:\Users\hiromi\AppData\Local\Temp\scoped_dir12376_12252}, takesHeapSnapshot=true, pageLoadStrategy=normal, databaseEnabled=false, handlesAlerts=true, hasTouchScreen=false, version=61.0.3163.100, platform=XP, browserConnectionEnabled=false, nativeEvents=true, acceptSslCerts=true, locationContextEnabled=true, webStorageEnabled=true, browserName=chrome, takesScreenshot=true, javascriptEnabled=true, cssSelectorsEnabled=true, unexpectedAlertBehaviour=}]&#xa;Session ID: a519302a014aa64c54cc933c217ec46d" type="org.openqa.selenium.NoSuchWindowException">org.openqa.selenium.NoSuchWindowException: no such window: target window already closed
from unknown error: web view not found
  (Session info: chrome=61.0.3163.100)
  (Driver info: chromedriver=2.29.461591 (62ebf098771772160f391d75e589dc567915b233),platform=Windows NT 10.0.10240 x86_64) (WARNING: The server did not provide any stacktrace information)
Command duration or timeout: 2 milliseconds
Build info: version: &apos;2.39.0&apos;, revision: &apos;ff23eac&apos;, time: &apos;2013-12-16 16:12:12&apos;
System info: host: &apos;HKus-X-5430&apos;, ip: &apos;10.10.18.139&apos;, os.name: &apos;Windows 10&apos;, os.arch: &apos;amd64&apos;, os.version: &apos;10.0&apos;, java.version: &apos;1.8.0_101&apos;
Driver info: org.openqa.selenium.chrome.ChromeDriver
Capabilities [{applicationCacheEnabled=false, rotatable=false, mobileEmulationEnabled=false, networkConnectionEnabled=false, chrome={chromedriverVersion=2.29.461591 (62ebf098771772160f391d75e589dc567915b233), userDataDir=C:\Users\hiromi\AppData\Local\Temp\scoped_dir12376_12252}, takesHeapSnapshot=true, pageLoadStrategy=normal, databaseEnabled=false, handlesAlerts=true, hasTouchScreen=false, version=61.0.3163.100, platform=XP, browserConnectionEnabled=false, nativeEvents=true, acceptSslCerts=true, locationContextEnabled=true, webStorageEnabled=true, browserName=chrome, takesScreenshot=true, javascriptEnabled=true, cssSelectorsEnabled=true, unexpectedAlertBehaviour=}]
Session ID: a519302a014aa64c54cc933c217ec46d
	at java.lang.reflect.Constructor.newInstance(Constructor.java:423)
	at org.openqa.selenium.remote.ErrorHandler.createThrowable(ErrorHandler.java:193)
	at org.openqa.selenium.remote.ErrorHandler.throwIfResponseFailed(ErrorHandler.java:145)
	at org.openqa.selenium.remote.RemoteWebDriver.execute(RemoteWebDriver.java:554)
	at org.openqa.selenium.remote.RemoteWebDriver.get(RemoteWebDriver.java:276)
	at PageObject.NDM_TestCase2617DeviceRestart.testPage(NDM_TestCase2617DeviceRestart.java:62)
</error>
  </testcase>
  <testcase classname="PageObject.NDM_TestCaseAddressBookAddContact" name="testPage" time="0.161">
    <error message="no such window: target window already closed&#xa;from unknown error: web view not found&#xa;  (Session info: chrome=61.0.3163.100)&#xa;  (Driver info: chromedriver=2.29.461591 (62ebf098771772160f391d75e589dc567915b233),platform=Windows NT 10.0.10240 x86_64) (WARNING: The server did not provide any stacktrace information)&#xa;Command duration or timeout: 8 milliseconds&#xa;Build info: version: &apos;2.39.0&apos;, revision: &apos;ff23eac&apos;, time: &apos;2013-12-16 16:12:12&apos;&#xa;System info: host: &apos;HKus-X-5430&apos;, ip: &apos;10.10.18.139&apos;, os.name: &apos;Windows 10&apos;, os.arch: &apos;amd64&apos;, os.version: &apos;10.0&apos;, java.version: &apos;1.8.0_101&apos;&#xa;Driver info: org.openqa.selenium.chrome.ChromeDriver&#xa;Capabilities [{applicationCacheEnabled=false, rotatable=false, mobileEmulationEnabled=false, networkConnectionEnabled=false, chrome={chromedriverVersion=2.29.461591 (62ebf098771772160f391d75e589dc567915b233), userDataDir=C:\Users\hiromi\AppData\Local\Temp\scoped_dir12376_12252}, takesHeapSnapshot=true, pageLoadStrategy=normal, databaseEnabled=false, handlesAlerts=true, hasTouchScreen=false, version=61.0.3163.100, platform=XP, browserConnectionEnabled=false, nativeEvents=true, acceptSslCerts=true, locationContextEnabled=true, webStorageEnabled=true, browserName=chrome, takesScreenshot=true, javascriptEnabled=true, cssSelectorsEnabled=true, unexpectedAlertBehaviour=}]&#xa;Session ID: a519302a014aa64c54cc933c217ec46d" type="org.openqa.selenium.NoSuchWindowException">org.openqa.selenium.NoSuchWindowException: no such window: target window already closed
from unknown error: web view not found
  (Session info: chrome=61.0.3163.100)
  (Driver info: chromedriver=2.29.461591 (62ebf098771772160f391d75e589dc567915b233),platform=Windows NT 10.0.10240 x86_64) (WARNING: The server did not provide any stacktrace information)
Command duration or timeout: 8 milliseconds
Build info: version: &apos;2.39.0&apos;, revision: &apos;ff23eac&apos;, time: &apos;2013-12-16 16:12:12&apos;
System info: host: &apos;HKus-X-5430&apos;, ip: &apos;10.10.18.139&apos;, os.name: &apos;Windows 10&apos;, os.arch: &apos;amd64&apos;, os.version: &apos;10.0&apos;, java.version: &apos;1.8.0_101&apos;
Driver info: org.openqa.selenium.chrome.ChromeDriver
Capabilities [{applicationCacheEnabled=false, rotatable=false, mobileEmulationEnabled=false, networkConnectionEnabled=false, chrome={chromedriverVersion=2.29.461591 (62ebf098771772160f391d75e589dc567915b233), userDataDir=C:\Users\hiromi\AppData\Local\Temp\scoped_dir12376_12252}, takesHeapSnapshot=true, pageLoadStrategy=normal, databaseEnabled=false, handlesAlerts=true, hasTouchScreen=false, version=61.0.3163.100, platform=XP, browserConnectionEnabled=false, nativeEvents=true, acceptSslCerts=true, locationContextEnabled=true, webStorageEnabled=true, browserName=chrome, takesScreenshot=true, javascriptEnabled=true, cssSelectorsEnabled=true, unexpectedAlertBehaviour=}]
Session ID: a519302a014aa64c54cc933c217ec46d
	at java.lang.reflect.Constructor.newInstance(Constructor.java:423)
	at org.openqa.selenium.remote.ErrorHandler.createThrowable(ErrorHandler.java:193)
	at org.openqa.selenium.remote.ErrorHandler.throwIfResponseFailed(ErrorHandler.java:145)
	at org.openqa.selenium.remote.RemoteWebDriver.execute(RemoteWebDriver.java:554)
	at org.openqa.selenium.remote.RemoteWebDriver.get(RemoteWebDriver.java:276)
	at PageObject.NDM_TestCaseAddressBookAddContact.testPage(NDM_TestCaseAddressBookAddContact.java:61)
</error>
  </testcase>
  <testcase classname="PageObject.NDM_TestCase954Discovery" name="testPage" time="0.61">
    <error message="no such window: target window already closed&#xa;from unknown error: web view not found&#xa;  (Session info: chrome=61.0.3163.100)&#xa;  (Driver info: chromedriver=2.29.461591 (62ebf098771772160f391d75e589dc567915b233),platform=Windows NT 10.0.10240 x86_64) (WARNING: The server did not provide any stacktrace information)&#xa;Command duration or timeout: 4 milliseconds&#xa;Build info: version: &apos;2.39.0&apos;, revision: &apos;ff23eac&apos;, time: &apos;2013-12-16 16:12:12&apos;&#xa;System info: host: &apos;HKus-X-5430&apos;, ip: &apos;10.10.18.139&apos;, os.name: &apos;Windows 10&apos;, os.arch: &apos;amd64&apos;, os.version: &apos;10.0&apos;, java.version: &apos;1.8.0_101&apos;&#xa;Driver info: org.openqa.selenium.chrome.ChromeDriver&#xa;Capabilities [{applicationCacheEnabled=false, rotatable=false, mobileEmulationEnabled=false, networkConnectionEnabled=false, chrome={chromedriverVersion=2.29.461591 (62ebf098771772160f391d75e589dc567915b233), userDataDir=C:\Users\hiromi\AppData\Local\Temp\scoped_dir12376_12252}, takesHeapSnapshot=true, pageLoadStrategy=normal, databaseEnabled=false, handlesAlerts=true, hasTouchScreen=false, version=61.0.3163.100, platform=XP, browserConnectionEnabled=false, nativeEvents=true, acceptSslCerts=true, locationContextEnabled=true, webStorageEnabled=true, browserName=chrome, takesScreenshot=true, javascriptEnabled=true, cssSelectorsEnabled=true, unexpectedAlertBehaviour=}]&#xa;Session ID: a519302a014aa64c54cc933c217ec46d" type="org.openqa.selenium.NoSuchWindowException">org.openqa.selenium.NoSuchWindowException: no such window: target window already closed
from unknown error: web view not found
  (Session info: chrome=61.0.3163.100)
  (Driver info: chromedriver=2.29.461591 (62ebf098771772160f391d75e589dc567915b233),platform=Windows NT 10.0.10240 x86_64) (WARNING: The server did not provide any stacktrace information)
Command duration or timeout: 4 milliseconds
Build info: version: &apos;2.39.0&apos;, revision: &apos;ff23eac&apos;, time: &apos;2013-12-16 16:12:12&apos;
System info: host: &apos;HKus-X-5430&apos;, ip: &apos;10.10.18.139&apos;, os.name: &apos;Windows 10&apos;, os.arch: &apos;amd64&apos;, os.version: &apos;10.0&apos;, java.version: &apos;1.8.0_101&apos;
Driver info: org.openqa.selenium.chrome.ChromeDriver
Capabilities [{applicationCacheEnabled=false, rotatable=false, mobileEmulationEnabled=false, networkConnectionEnabled=false, chrome={chromedriverVersion=2.29.461591 (62ebf098771772160f391d75e589dc567915b233), userDataDir=C:\Users\hiromi\AppData\Local\Temp\scoped_dir12376_12252}, takesHeapSnapshot=true, pageLoadStrategy=normal, databaseEnabled=false, handlesAlerts=true, hasTouchScreen=false, version=61.0.3163.100, platform=XP, browserConnectionEnabled=false, nativeEvents=true, acceptSslCerts=true, locationContextEnabled=true, webStorageEnabled=true, browserName=chrome, takesScreenshot=true, javascriptEnabled=true, cssSelectorsEnabled=true, unexpectedAlertBehaviour=}]
Session ID: a519302a014aa64c54cc933c217ec46d
	at java.lang.reflect.Constructor.newInstance(Constructor.java:423)
	at org.openqa.selenium.remote.ErrorHandler.createThrowable(ErrorHandler.java:193)
	at org.openqa.selenium.remote.ErrorHandler.throwIfResponseFailed(ErrorHandler.java:145)
	at org.openqa.selenium.remote.RemoteWebDriver.execute(RemoteWebDriver.java:554)
	at org.openqa.selenium.remote.RemoteWebDriver.get(RemoteWebDriver.java:276)
	at PageObject.NDM_TestCase954Discovery.testPage(NDM_TestCase954Discovery.java:72)
</error>
  </testcase>
  <testcase classname="PageObject.NDM_TestCase2616DeviceRestart" name="testPage" time="0.142">
    <error message="no such window: target window already closed&#xa;from unknown error: web view not found&#xa;  (Session info: chrome=61.0.3163.100)&#xa;  (Driver info: chromedriver=2.29.461591 (62ebf098771772160f391d75e589dc567915b233),platform=Windows NT 10.0.10240 x86_64) (WARNING: The server did not provide any stacktrace information)&#xa;Command duration or timeout: 5 milliseconds&#xa;Build info: version: &apos;2.39.0&apos;, revision: &apos;ff23eac&apos;, time: &apos;2013-12-16 16:12:12&apos;&#xa;System info: host: &apos;HKus-X-5430&apos;, ip: &apos;10.10.18.139&apos;, os.name: &apos;Windows 10&apos;, os.arch: &apos;amd64&apos;, os.version: &apos;10.0&apos;, java.version: &apos;1.8.0_101&apos;&#xa;Driver info: org.openqa.selenium.chrome.ChromeDriver&#xa;Capabilities [{applicationCacheEnabled=false, rotatable=false, mobileEmulationEnabled=false, networkConnectionEnabled=false, chrome={chromedriverVersion=2.29.461591 (62ebf098771772160f391d75e589dc567915b233), userDataDir=C:\Users\hiromi\AppData\Local\Temp\scoped_dir12376_12252}, takesHeapSnapshot=true, pageLoadStrategy=normal, databaseEnabled=false, handlesAlerts=true, hasTouchScreen=false, version=61.0.3163.100, platform=XP, browserConnectionEnabled=false, nativeEvents=true, acceptSslCerts=true, locationContextEnabled=true, webStorageEnabled=true, browserName=chrome, takesScreenshot=true, javascriptEnabled=true, cssSelectorsEnabled=true, unexpectedAlertBehaviour=}]&#xa;Session ID: a519302a014aa64c54cc933c217ec46d" type="org.openqa.selenium.NoSuchWindowException">org.openqa.selenium.NoSuchWindowException: no such window: target window already closed
from unknown error: web view not found
  (Session info: chrome=61.0.3163.100)
  (Driver info: chromedriver=2.29.461591 (62ebf098771772160f391d75e589dc567915b233),platform=Windows NT 10.0.10240 x86_64) (WARNING: The server did not provide any stacktrace information)
Command duration or timeout: 5 milliseconds
Build info: version: &apos;2.39.0&apos;, revision: &apos;ff23eac&apos;, time: &apos;2013-12-16 16:12:12&apos;
System info: host: &apos;HKus-X-5430&apos;, ip: &apos;10.10.18.139&apos;, os.name: &apos;Windows 10&apos;, os.arch: &apos;amd64&apos;, os.version: &apos;10.0&apos;, java.version: &apos;1.8.0_101&apos;
Driver info: org.openqa.selenium.chrome.ChromeDriver
Capabilities [{applicationCacheEnabled=false, rotatable=false, mobileEmulationEnabled=false, networkConnectionEnabled=false, chrome={chromedriverVersion=2.29.461591 (62ebf098771772160f391d75e589dc567915b233), userDataDir=C:\Users\hiromi\AppData\Local\Temp\scoped_dir12376_12252}, takesHeapSnapshot=true, pageLoadStrategy=normal, databaseEnabled=false, handlesAlerts=true, hasTouchScreen=false, version=61.0.3163.100, platform=XP, browserConnectionEnabled=false, nativeEvents=true, acceptSslCerts=true, locationContextEnabled=true, webStorageEnabled=true, browserName=chrome, takesScreenshot=true, javascriptEnabled=true, cssSelectorsEnabled=true, unexpectedAlertBehaviour=}]
Session ID: a519302a014aa64c54cc933c217ec46d
	at java.lang.reflect.Constructor.newInstance(Constructor.java:423)
	at org.openqa.selenium.remote.ErrorHandler.createThrowable(ErrorHandler.java:193)
	at org.openqa.selenium.remote.ErrorHandler.throwIfResponseFailed(ErrorHandler.java:145)
	at org.openqa.selenium.remote.RemoteWebDriver.execute(RemoteWebDriver.java:554)
	at org.openqa.selenium.remote.RemoteWebDriver.get(RemoteWebDriver.java:276)
	at PageObject.NDM_TestCase2616DeviceRestart.testPage(NDM_TestCase2616DeviceRestart.java:62)
</error>
  </testcase>
  <testcase classname="PageObject.NDM_TestCase6602CertManagement" name="testPage" time="0.21">
    <error message="no such window: target window already closed&#xa;from unknown error: web view not found&#xa;  (Session info: chrome=61.0.3163.100)&#xa;  (Driver info: chromedriver=2.29.461591 (62ebf098771772160f391d75e589dc567915b233),platform=Windows NT 10.0.10240 x86_64) (WARNING: The server did not provide any stacktrace information)&#xa;Command duration or timeout: 3 milliseconds&#xa;Build info: version: &apos;2.39.0&apos;, revision: &apos;ff23eac&apos;, time: &apos;2013-12-16 16:12:12&apos;&#xa;System info: host: &apos;HKus-X-5430&apos;, ip: &apos;10.10.18.139&apos;, os.name: &apos;Windows 10&apos;, os.arch: &apos;amd64&apos;, os.version: &apos;10.0&apos;, java.version: &apos;1.8.0_101&apos;&#xa;Driver info: org.openqa.selenium.chrome.ChromeDriver&#xa;Capabilities [{applicationCacheEnabled=false, rotatable=false, mobileEmulationEnabled=false, networkConnectionEnabled=false, chrome={chromedriverVersion=2.29.461591 (62ebf098771772160f391d75e589dc567915b233), userDataDir=C:\Users\hiromi\AppData\Local\Temp\scoped_dir12376_12252}, takesHeapSnapshot=true, pageLoadStrategy=normal, databaseEnabled=false, handlesAlerts=true, hasTouchScreen=false, version=61.0.3163.100, platform=XP, browserConnectionEnabled=false, nativeEvents=true, acceptSslCerts=true, locationContextEnabled=true, webStorageEnabled=true, browserName=chrome, takesScreenshot=true, javascriptEnabled=true, cssSelectorsEnabled=true, unexpectedAlertBehaviour=}]&#xa;Session ID: a519302a014aa64c54cc933c217ec46d" type="org.openqa.selenium.NoSuchWindowException">org.openqa.selenium.NoSuchWindowException: no such window: target window already closed
from unknown error: web view not found
  (Session info: chrome=61.0.3163.100)
  (Driver info: chromedriver=2.29.461591 (62ebf098771772160f391d75e589dc567915b233),platform=Windows NT 10.0.10240 x86_64) (WARNING: The server did not provide any stacktrace information)
Command duration or timeout: 3 milliseconds
Build info: version: &apos;2.39.0&apos;, revision: &apos;ff23eac&apos;, time: &apos;2013-12-16 16:12:12&apos;
System info: host: &apos;HKus-X-5430&apos;, ip: &apos;10.10.18.139&apos;, os.name: &apos;Windows 10&apos;, os.arch: &apos;amd64&apos;, os.version: &apos;10.0&apos;, java.version: &apos;1.8.0_101&apos;
Driver info: org.openqa.selenium.chrome.ChromeDriver
Capabilities [{applicationCacheEnabled=false, rotatable=false, mobileEmulationEnabled=false, networkConnectionEnabled=false, chrome={chromedriverVersion=2.29.461591 (62ebf098771772160f391d75e589dc567915b233), userDataDir=C:\Users\hiromi\AppData\Local\Temp\scoped_dir12376_12252}, takesHeapSnapshot=true, pageLoadStrategy=normal, databaseEnabled=false, handlesAlerts=true, hasTouchScreen=false, version=61.0.3163.100, platform=XP, browserConnectionEnabled=false, nativeEvents=true, acceptSslCerts=true, locationContextEnabled=true, webStorageEnabled=true, browserName=chrome, takesScreenshot=true, javascriptEnabled=true, cssSelectorsEnabled=true, unexpectedAlertBehaviour=}]
Session ID: a519302a014aa64c54cc933c217ec46d
	at java.lang.reflect.Constructor.newInstance(Constructor.java:423)
	at org.openqa.selenium.remote.ErrorHandler.createThrowable(ErrorHandler.java:193)
	at org.openqa.selenium.remote.ErrorHandler.throwIfResponseFailed(ErrorHandler.java:145)
	at org.openqa.selenium.remote.RemoteWebDriver.execute(RemoteWebDriver.java:554)
	at org.openqa.selenium.remote.RemoteWebDriver.get(RemoteWebDriver.java:276)
	at PageObject.NDM_TestCase6602CertManagement.testPage(NDM_TestCase6602CertManagement.java:64)
</error>
  </testcase>
  <testcase classname="PageObject.NDM_TestCase2588DeviceRestart" name="testPage" time="0.147">
    <error message="no such window: target window already closed&#xa;from unknown error: web view not found&#xa;  (Session info: chrome=61.0.3163.100)&#xa;  (Driver info: chromedriver=2.29.461591 (62ebf098771772160f391d75e589dc567915b233),platform=Windows NT 10.0.10240 x86_64) (WARNING: The server did not provide any stacktrace information)&#xa;Command duration or timeout: 4 milliseconds&#xa;Build info: version: &apos;2.39.0&apos;, revision: &apos;ff23eac&apos;, time: &apos;2013-12-16 16:12:12&apos;&#xa;System info: host: &apos;HKus-X-5430&apos;, ip: &apos;10.10.18.139&apos;, os.name: &apos;Windows 10&apos;, os.arch: &apos;amd64&apos;, os.version: &apos;10.0&apos;, java.version: &apos;1.8.0_101&apos;&#xa;Driver info: org.openqa.selenium.chrome.ChromeDriver&#xa;Capabilities [{applicationCacheEnabled=false, rotatable=false, mobileEmulationEnabled=false, networkConnectionEnabled=false, chrome={chromedriverVersion=2.29.461591 (62ebf098771772160f391d75e589dc567915b233), userDataDir=C:\Users\hiromi\AppData\Local\Temp\scoped_dir12376_12252}, takesHeapSnapshot=true, pageLoadStrategy=normal, databaseEnabled=false, handlesAlerts=true, hasTouchScreen=false, version=61.0.3163.100, platform=XP, browserConnectionEnabled=false, nativeEvents=true, acceptSslCerts=true, locationContextEnabled=true, webStorageEnabled=true, browserName=chrome, takesScreenshot=true, javascriptEnabled=true, cssSelectorsEnabled=true, unexpectedAlertBehaviour=}]&#xa;Session ID: a519302a014aa64c54cc933c217ec46d" type="org.openqa.selenium.NoSuchWindowException">org.openqa.selenium.NoSuchWindowException: no such window: target window already closed
from unknown error: web view not found
  (Session info: chrome=61.0.3163.100)
  (Driver info: chromedriver=2.29.461591 (62ebf098771772160f391d75e589dc567915b233),platform=Windows NT 10.0.10240 x86_64) (WARNING: The server did not provide any stacktrace information)
Command duration or timeout: 4 milliseconds
Build info: version: &apos;2.39.0&apos;, revision: &apos;ff23eac&apos;, time: &apos;2013-12-16 16:12:12&apos;
System info: host: &apos;HKus-X-5430&apos;, ip: &apos;10.10.18.139&apos;, os.name: &apos;Windows 10&apos;, os.arch: &apos;amd64&apos;, os.version: &apos;10.0&apos;, java.version: &apos;1.8.0_101&apos;
Driver info: org.openqa.selenium.chrome.ChromeDriver
Capabilities [{applicationCacheEnabled=false, rotatable=false, mobileEmulationEnabled=false, networkConnectionEnabled=false, chrome={chromedriverVersion=2.29.461591 (62ebf098771772160f391d75e589dc567915b233), userDataDir=C:\Users\hiromi\AppData\Local\Temp\scoped_dir12376_12252}, takesHeapSnapshot=true, pageLoadStrategy=normal, databaseEnabled=false, handlesAlerts=true, hasTouchScreen=false, version=61.0.3163.100, platform=XP, browserConnectionEnabled=false, nativeEvents=true, acceptSslCerts=true, locationContextEnabled=true, webStorageEnabled=true, browserName=chrome, takesScreenshot=true, javascriptEnabled=true, cssSelectorsEnabled=true, unexpectedAlertBehaviour=}]
Session ID: a519302a014aa64c54cc933c217ec46d
	at java.lang.reflect.Constructor.newInstance(Constructor.java:423)
	at org.openqa.selenium.remote.ErrorHandler.createThrowable(ErrorHandler.java:193)
	at org.openqa.selenium.remote.ErrorHandler.throwIfResponseFailed(ErrorHandler.java:145)
	at org.openqa.selenium.remote.RemoteWebDriver.execute(RemoteWebDriver.java:554)
	at org.openqa.selenium.remote.RemoteWebDriver.get(RemoteWebDriver.java:276)
	at PageObject.NDM_TestCase2588DeviceRestart.testPage(NDM_TestCase2588DeviceRestart.java:63)
</error>
  </testcase>
  <testcase classname="PageObject.NDM_TestCase4429HyPAS" name="testPage" time="0.332">
    <error message="no such window: target window already closed&#xa;from unknown error: web view not found&#xa;  (Session info: chrome=61.0.3163.100)&#xa;  (Driver info: chromedriver=2.29.461591 (62ebf098771772160f391d75e589dc567915b233),platform=Windows NT 10.0.10240 x86_64) (WARNING: The server did not provide any stacktrace information)&#xa;Command duration or timeout: 5 milliseconds&#xa;Build info: version: &apos;2.39.0&apos;, revision: &apos;ff23eac&apos;, time: &apos;2013-12-16 16:12:12&apos;&#xa;System info: host: &apos;HKus-X-5430&apos;, ip: &apos;10.10.18.139&apos;, os.name: &apos;Windows 10&apos;, os.arch: &apos;amd64&apos;, os.version: &apos;10.0&apos;, java.version: &apos;1.8.0_101&apos;&#xa;Driver info: org.openqa.selenium.chrome.ChromeDriver&#xa;Capabilities [{applicationCacheEnabled=false, rotatable=false, mobileEmulationEnabled=false, networkConnectionEnabled=false, chrome={chromedriverVersion=2.29.461591 (62ebf098771772160f391d75e589dc567915b233), userDataDir=C:\Users\hiromi\AppData\Local\Temp\scoped_dir12376_12252}, takesHeapSnapshot=true, pageLoadStrategy=normal, databaseEnabled=false, handlesAlerts=true, hasTouchScreen=false, version=61.0.3163.100, platform=XP, browserConnectionEnabled=false, nativeEvents=true, acceptSslCerts=true, locationContextEnabled=true, webStorageEnabled=true, browserName=chrome, takesScreenshot=true, javascriptEnabled=true, cssSelectorsEnabled=true, unexpectedAlertBehaviour=}]&#xa;Session ID: a519302a014aa64c54cc933c217ec46d" type="org.openqa.selenium.NoSuchWindowException">org.openqa.selenium.NoSuchWindowException: no such window: target window already closed
from unknown error: web view not found
  (Session info: chrome=61.0.3163.100)
  (Driver info: chromedriver=2.29.461591 (62ebf098771772160f391d75e589dc567915b233),platform=Windows NT 10.0.10240 x86_64) (WARNING: The server did not provide any stacktrace information)
Command duration or timeout: 5 milliseconds
Build info: version: &apos;2.39.0&apos;, revision: &apos;ff23eac&apos;, time: &apos;2013-12-16 16:12:12&apos;
System info: host: &apos;HKus-X-5430&apos;, ip: &apos;10.10.18.139&apos;, os.name: &apos;Windows 10&apos;, os.arch: &apos;amd64&apos;, os.version: &apos;10.0&apos;, java.version: &apos;1.8.0_101&apos;
Driver info: org.openqa.selenium.chrome.ChromeDriver
Capabilities [{applicationCacheEnabled=false, rotatable=false, mobileEmulationEnabled=false, networkConnectionEnabled=false, chrome={chromedriverVersion=2.29.461591 (62ebf098771772160f391d75e589dc567915b233), userDataDir=C:\Users\hiromi\AppData\Local\Temp\scoped_dir12376_12252}, takesHeapSnapshot=true, pageLoadStrategy=normal, databaseEnabled=false, handlesAlerts=true, hasTouchScreen=false, version=61.0.3163.100, platform=XP, browserConnectionEnabled=false, nativeEvents=true, acceptSslCerts=true, locationContextEnabled=true, webStorageEnabled=true, browserName=chrome, takesScreenshot=true, javascriptEnabled=true, cssSelectorsEnabled=true, unexpectedAlertBehaviour=}]
Session ID: a519302a014aa64c54cc933c217ec46d
	at java.lang.reflect.Constructor.newInstance(Constructor.java:423)
	at org.openqa.selenium.remote.ErrorHandler.createThrowable(ErrorHandler.java:193)
	at org.openqa.selenium.remote.ErrorHandler.throwIfResponseFailed(ErrorHandler.java:145)
	at org.openqa.selenium.remote.RemoteWebDriver.execute(RemoteWebDriver.java:554)
	at org.openqa.selenium.remote.RemoteWebDriver.get(RemoteWebDriver.java:276)
	at PageObject.NDM_TestCase4429HyPAS.testPage(NDM_TestCase4429HyPAS.java:62)
</error>
  </testcase>
  <testcase classname="PageObject.NDM_TestCase6728Views" name="testPage" time="0.132">
    <error message="no such window: target window already closed&#xa;from unknown error: web view not found&#xa;  (Session info: chrome=61.0.3163.100)&#xa;  (Driver info: chromedriver=2.29.461591 (62ebf098771772160f391d75e589dc567915b233),platform=Windows NT 10.0.10240 x86_64) (WARNING: The server did not provide any stacktrace information)&#xa;Command duration or timeout: 4 milliseconds&#xa;Build info: version: &apos;2.39.0&apos;, revision: &apos;ff23eac&apos;, time: &apos;2013-12-16 16:12:12&apos;&#xa;System info: host: &apos;HKus-X-5430&apos;, ip: &apos;10.10.18.139&apos;, os.name: &apos;Windows 10&apos;, os.arch: &apos;amd64&apos;, os.version: &apos;10.0&apos;, java.version: &apos;1.8.0_101&apos;&#xa;Driver info: org.openqa.selenium.chrome.ChromeDriver&#xa;Capabilities [{applicationCacheEnabled=false, rotatable=false, mobileEmulationEnabled=false, networkConnectionEnabled=false, chrome={chromedriverVersion=2.29.461591 (62ebf098771772160f391d75e589dc567915b233), userDataDir=C:\Users\hiromi\AppData\Local\Temp\scoped_dir12376_12252}, takesHeapSnapshot=true, pageLoadStrategy=normal, databaseEnabled=false, handlesAlerts=true, hasTouchScreen=false, version=61.0.3163.100, platform=XP, browserConnectionEnabled=false, nativeEvents=true, acceptSslCerts=true, locationContextEnabled=true, webStorageEnabled=true, browserName=chrome, takesScreenshot=true, javascriptEnabled=true, cssSelectorsEnabled=true, unexpectedAlertBehaviour=}]&#xa;Session ID: a519302a014aa64c54cc933c217ec46d" type="org.openqa.selenium.NoSuchWindowException">org.openqa.selenium.NoSuchWindowException: no such window: target window already closed
from unknown error: web view not found
  (Session info: chrome=61.0.3163.100)
  (Driver info: chromedriver=2.29.461591 (62ebf098771772160f391d75e589dc567915b233),platform=Windows NT 10.0.10240 x86_64) (WARNING: The server did not provide any stacktrace information)
Command duration or timeout: 4 milliseconds
Build info: version: &apos;2.39.0&apos;, revision: &apos;ff23eac&apos;, time: &apos;2013-12-16 16:12:12&apos;
System info: host: &apos;HKus-X-5430&apos;, ip: &apos;10.10.18.139&apos;, os.name: &apos;Windows 10&apos;, os.arch: &apos;amd64&apos;, os.version: &apos;10.0&apos;, java.version: &apos;1.8.0_101&apos;
Driver info: org.openqa.selenium.chrome.ChromeDriver
Capabilities [{applicationCacheEnabled=false, rotatable=false, mobileEmulationEnabled=false, networkConnectionEnabled=false, chrome={chromedriverVersion=2.29.461591 (62ebf098771772160f391d75e589dc567915b233), userDataDir=C:\Users\hiromi\AppData\Local\Temp\scoped_dir12376_12252}, takesHeapSnapshot=true, pageLoadStrategy=normal, databaseEnabled=false, handlesAlerts=true, hasTouchScreen=false, version=61.0.3163.100, platform=XP, browserConnectionEnabled=false, nativeEvents=true, acceptSslCerts=true, locationContextEnabled=true, webStorageEnabled=true, browserName=chrome, takesScreenshot=true, javascriptEnabled=true, cssSelectorsEnabled=true, unexpectedAlertBehaviour=}]
Session ID: a519302a014aa64c54cc933c217ec46d
	at java.lang.reflect.Constructor.newInstance(Constructor.java:423)
	at org.openqa.selenium.remote.ErrorHandler.createThrowable(ErrorHandler.java:193)
	at org.openqa.selenium.remote.ErrorHandler.throwIfResponseFailed(ErrorHandler.java:145)
	at org.openqa.selenium.remote.RemoteWebDriver.execute(RemoteWebDriver.java:554)
	at org.openqa.selenium.remote.RemoteWebDriver.get(RemoteWebDriver.java:276)
	at PageObject.NDM_TestCase6728Views.testPage(NDM_TestCase6728Views.java:68)
</error>
  </testcase>
  <system-out><![CDATA[Login [OK]
Discovered device [OK]
Filter device [OK]
Check device [OK]
Filter [OK]
Device selected [OK]
]]></system-out>
  <system-err><![CDATA[Starting ChromeDriver 2.29.461591 (62ebf098771772160f391d75e589dc567915b233) on port 29815
Only local connections are allowed.
]]></system-err>
</testsuite>
